0 info it worked if it ends with ok
1 verbose cli [ 'node', '/usr/local/bin/npm', 'publish' ]
2 info using npm@2.10.1
3 info using node@v0.12.4
4 verbose publish [ '.' ]
5 silly cache add args [ '.', null ]
6 verbose cache add spec .
7 silly cache add parsed spec { raw: '.',
7 silly cache add   scope: null,
7 silly cache add   name: null,
7 silly cache add   rawSpec: '.',
7 silly cache add   spec: '/Users/tonyspiro/github-repos/cosmicjs-public/cosmicjs-node',
7 silly cache add   type: 'directory' }
8 verbose addLocalDirectory /Users/tonyspiro/.npm/cosmicjs/1.0.6/package.tgz not in flight; packing
9 verbose tar pack [ '/Users/tonyspiro/.npm/cosmicjs/1.0.6/package.tgz',
9 verbose tar pack   '/Users/tonyspiro/github-repos/cosmicjs-public/cosmicjs-node' ]
10 verbose tarball /Users/tonyspiro/.npm/cosmicjs/1.0.6/package.tgz
11 verbose folder /Users/tonyspiro/github-repos/cosmicjs-public/cosmicjs-node
12 info prepublish cosmicjs@1.0.6
13 verbose addLocalTarball adding from inside cache /Users/tonyspiro/.npm/cosmicjs/1.0.6/package.tgz
14 silly cache afterAdd cosmicjs@1.0.6
15 verbose afterAdd /Users/tonyspiro/.npm/cosmicjs/1.0.6/package/package.json not in flight; writing
16 verbose afterAdd /Users/tonyspiro/.npm/cosmicjs/1.0.6/package/package.json written
17 silly publish { name: 'cosmicjs',
17 silly publish   version: '1.0.6',
17 silly publish   description: 'The official driver module for Cosmic JS. This module will help you to easily add dynamic content to your website or application.',
17 silly publish   main: 'index.js',
17 silly publish   dependencies: { lodash: '^3.3.1', request: '^2.53.0' },
17 silly publish   devDependencies: {},
17 silly publish   scripts: { test: 'echo "Error: no test specified" && exit 1' },
17 silly publish   repository:
17 silly publish    { type: 'git',
17 silly publish      url: 'git+https://github.com/cosmicjs/cosmicjs-node.git' },
17 silly publish   keywords: [ 'cms', 'node', 'content', 'api' ],
17 silly publish   author:
17 silly publish    { name: 'Tony Spiro',
17 silly publish      email: 'tspiro@tonyspiro.com',
17 silly publish      url: 'http://tonyspiro.com/' },
17 silly publish   license: 'ISC',
17 silly publish   bugs: { url: 'https://github.com/cosmicjs/cosmicjs-node/issues' },
17 silly publish   homepage: 'https://github.com/cosmicjs/cosmicjs-node#readme',
17 silly publish   readme: '[![Cosmic JS Logo](https://cosmicjs.com/images/marketing/logo-w-brand.jpg)](https://cosmicjs.com/)\n##Cosmic JS Driver for Node\n\n###Getting started\nGo to [https://cosmicjs.com](https://cosmicjs.com), create an account and setup a bucket.\n\nInstall the module:\n```\nnpm install cosmicjs\n```\n\nCheck out the examples folder for the following express / hogan example:\n\n```javascript\n/* !!!! CONFIGURE !!!!\n================================ */\nvar config = {};\nconfig.bucket = {\n\tslug : \'driver-example\',\n\tread_key : \'\', // add read_key if added to your Cosmic JS bucket settings\n\twrite_key : \'\' // add write_key if added to your Cosmic JS bucket settings\n};\n\n/* Modules\n================================ */\nvar http = require(\'http\'),\n\texpress = require(\'express\'),\n\tapp = express(),\n\tCosmic = require(\'cosmic-driver\'),\n\thogan = require(\'hogan-express\'),\n\t_ = require(\'lodash\'),\n\tasync = require(\'async\');\n\n/* Express\n================================ */\napp.engine(\'html\', hogan);\napp.set(\'views\', __dirname + \'/views\');\napp.set(\'view engine\', \'html\');\napp.enable(\'view cache\');\napp.use(express.static(__dirname + \'/public\'));\n\n/* Routes\n================================ */\napp.get(\'/\', function(req, res) {\n  \n  async.series([\n  \t\n  \t/* Add object\n  \t============================ */\n  \tfunction(callback){\n  \t\t\n  \t\tvar object = {\n  \t\t\t"write_key" : config.bucket.write_key,\n\t  \t\t"type_slug" : "pages",\n\t  \t\t"title" : "Test Title",\n\t  \t\t"content" : "Test Content"\n\t  \t};\n\n  \t\t// Add object\n  \t\tCosmic.addObject(config, object, function(err, object){\n\t\t\t\t\n\t\t\t\tif(err){\n\t\t\t\t\treturn res.end(err.message);\n\t\t\t\t}\n\t\t\t\treturn callback();\n\n\t\t  });\n  \t},\n\n  \t/* Edit object\n  \t============================ */\n  \tfunction(callback){\n  \t\t\n  \t\tvar object = {\n  \t\t\t"write_key" : config.bucket.write_key,\n  \t\t\t"slug" : "test-title",\n\t  \t\t"type_slug" : "pages",\n\t  \t\t"title" : "New Title",\n\t  \t\t"content" : "New Content"\n\t  \t};\n\n  \t\t// Edit object\n  \t\tCosmic.editObject(config, object, function(err, object){\n\t\t\t\t\n\t\t\t\tif(err){\n\t\t\t\t\treturn res.end(err.message);\n\t\t\t\t}\n\n\t\t\t\treturn callback();\n\n\t\t  });\n  \t},\n\n  \t/* Delete object\n  \t============================ */\n  \tfunction(callback){\n  \t\t\n  \t\tvar object = {\n  \t\t\t"write_key" : config.bucket.write_key,\n  \t\t\t"slug" : "test-title"\n\t  \t};\n\n\t  \t// Delete object\n  \t\tCosmic.deleteObject(config, object, function(err, object){\n\t\t\t\t\n\t\t\t\tif(err){\n\t\t\t\t\treturn res.end(err.message);\n\t\t\t\t}\n\t\t\t\treturn callback();\n\n\t\t  });\n  \t},\n\n  \t/* Get media\n  \t============================ */\n  \tfunction(callback){\n\n  \t\t// Get media\n  \t\tCosmic.getMedia(config, function(err, media){\n\t\t\t\n\t\t\t\tif(err){\n\t\t\t\t\treturn res.end(err.message);\n\t\t\t\t}\n\n\t\t\t\t// Do stuff with your data\n\t\t\t\tres.locals.media = media;\n\n\t\t\t\treturn callback();\n\n\t\t  });\n\n  \t},\n\n  \t/* Get objects\n  \t============================ */\n  \tfunction(callback){\n\n  \t\t// Get objects\n  \t\tCosmic.getObjects(config, function(err, cosmic){\n\t\t\t\t\n\t\t\t\tif(err){\n\t\t\t\t\treturn res.end(err.message);\n\t\t\t\t}\n\t\t\t\t// Make truncated blurb\n\t\t\t\t_.forEach(cosmic.objects.all, function(object){\n\t\t\t\t\tobject.content_blurb = _.trunc(strip_tags(object.content), 200);\n\t\t\t\t});\n\n\t\t\t\tpage = {\n\t\t\t\t\ttitle : cosmic.object.home.title,\n\t\t\t\t\theadline : cosmic.object.home.metafield.headline.value,\n\t\t\t\t\tcontent : cosmic.object.home.content\n\t\t\t\t}\n\n\t\t\t\t// Do stuff with your data\n\t\t\t\tres.locals = {\n\t\t\t\t\tpage : page,\n\t\t\t\t\tarticles : cosmic.objects.type.articles,\n\t\t\t\t\tobject : cosmic.object,\n\t\t\t\t\tmedia : res.locals.media\n\t\t\t\t}\n\n\t\t\t\treturn res.render(\'index\');\n\n\t\t  });\n\n  \t},\n\n  ]);\n\n\n});\n\n/* Functions\n================================ */\nfunction strip_tags(input, allowed) {\n    allowed = (((allowed || \'\') + \'\')\n    .toLowerCase()\n    .match(/<[a-z][a-z0-9]*>/g) || [])\n    .join(\'\'); // making sure the allowed arg is a string containing only tags in lowercase (<a><b><c>)\n  var tags = /<\\/?([a-z][a-z0-9]*)\\b[^>]*>/gi,\n    commentsAndPhpTags = /<!--[\\s\\S]*?-->|<\\?(?:php)?[\\s\\S]*?\\?>/gi;\n  return input.replace(commentsAndPhpTags, \'\')\n    .replace(tags, function($0, $1) {\n      return allowed.indexOf(\'<\' + $1.toLowerCase() + \'>\') > -1 ? $0 : \'\';\n    });\n}\n\napp.listen(3000);\n```\n',
17 silly publish   readmeFilename: 'readme.md',
17 silly publish   gitHead: '92256892fee10e487c073d7db96de78bf66ebba4',
17 silly publish   _id: 'cosmicjs@1.0.6',
17 silly publish   _shasum: 'cccf562f19361baa527383ce30146d6a41a1f1ff',
17 silly publish   _from: '.' }
18 verbose getPublishConfig undefined
19 silly mapToRegistry name cosmicjs
20 silly mapToRegistry using default registry
21 silly mapToRegistry registry https://registry.npmjs.org/
22 silly mapToRegistry uri https://registry.npmjs.org/cosmicjs
23 verbose publish registryBase https://registry.npmjs.org/
24 silly publish uploading /Users/tonyspiro/.npm/cosmicjs/1.0.6/package.tgz
25 verbose request uri https://registry.npmjs.org/cosmicjs
26 verbose request sending authorization for write operation
27 info attempt registry request try #1 at 11:12:38 PM
28 verbose request id 3717f8a82a93d1a1
29 http request PUT https://registry.npmjs.org/cosmicjs
30 http 403 https://registry.npmjs.org/cosmicjs
31 verbose headers { 'content-type': 'application/json',
31 verbose headers   'cache-control': 'max-age=60',
31 verbose headers   'content-length': '95',
31 verbose headers   'accept-ranges': 'bytes',
31 verbose headers   date: 'Sun, 26 Jul 2015 04:12:39 GMT',
31 verbose headers   via: '1.1 varnish',
31 verbose headers   connection: 'keep-alive',
31 verbose headers   'x-served-by': 'cache-ord1729-ORD',
31 verbose headers   'x-cache': 'MISS',
31 verbose headers   'x-cache-hits': '0',
31 verbose headers   'x-timer': 'S1437883958.514008,VS0,VE1176' }
32 verbose request invalidating /Users/tonyspiro/.npm/registry.npmjs.org/cosmicjs on PUT
33 error publish Failed PUT 403
34 verbose stack Error: "You cannot publish over the previously published version 1.0.6." : cosmicjs
34 verbose stack     at CachingRegistryClient.<anonymous> (/usr/local/lib/node_modules/npm/node_modules/npm-registry-client/lib/request.js:247:14)
34 verbose stack     at Request._callback (/usr/local/lib/node_modules/npm/node_modules/npm-registry-client/lib/request.js:170:14)
34 verbose stack     at Request.self.callback (/usr/local/lib/node_modules/npm/node_modules/request/request.js:368:22)
34 verbose stack     at Request.emit (events.js:110:17)
34 verbose stack     at Request.<anonymous> (/usr/local/lib/node_modules/npm/node_modules/request/request.js:1219:14)
34 verbose stack     at Request.emit (events.js:129:20)
34 verbose stack     at IncomingMessage.<anonymous> (/usr/local/lib/node_modules/npm/node_modules/request/request.js:1167:12)
34 verbose stack     at IncomingMessage.emit (events.js:129:20)
34 verbose stack     at _stream_readable.js:908:16
34 verbose stack     at process._tickCallback (node.js:355:11)
35 verbose statusCode 403
36 verbose pkgid cosmicjs
37 verbose cwd /Users/tonyspiro/github-repos/cosmicjs-public/cosmicjs-node
38 error Darwin 14.0.0
39 error argv "node" "/usr/local/bin/npm" "publish"
40 error node v0.12.4
41 error npm  v2.10.1
42 error code E403
43 error "You cannot publish over the previously published version 1.0.6." : cosmicjs
44 error If you need help, you may report this error at:
44 error     <https://github.com/npm/npm/issues>
45 verbose exit [ 1, true ]
